<?xml version="1.0" encoding="UTF-8"?>
<TestRun id="b2a6b2a8-9f8c-433a-b6d0-8b67874ca499" name="maorh@DESKTOP-01DECST 2018-07-09 17:26:25" runUser="DESKTOP-01DECST\maorh" xmlns="http://microsoft.com/schemas/VisualStudio/TeamTest/2010">
  <TestSettings name="Local" id="5cf60936-1a15-4e82-b2d8-12c0786950d3">
    <Description>These are default test settings for a local test run.</Description>
    <Deployment enabled="false" runDeploymentRoot="maorh_DESKTOP-01DECST 2018-07-09 17_26_25">
      <DeploymentItem filename="C:\Users\maorh\OneDrive\מסמכים\Visual Studio 2010\Projects\Maor Hevron trendemon\Maor Hevron trendemon\bin\Debug\Maor Hevron trendemon.exe" />
    </Deployment>
    <Execution>
      <TestTypeSpecific />
      <AgentRule name="Execution Agents">
      </AgentRule>
    </Execution>
  </TestSettings>
  <Times creation="2018-07-09T17:26:25.6155945+03:00" queuing="2018-07-09T17:26:25.6764050+03:00" start="2018-07-09T17:26:25.6798769+03:00" finish="2018-07-09T17:26:25.9144856+03:00" />
  <ResultSummary outcome="Completed">
    <Counters total="1" executed="1" passed="1" error="0" failed="0" timeout="0" aborted="0" inconclusive="0" passedButRunAborted="0" notRunnable="0" notExecuted="0" disconnected="0" warning="0" completed="0" inProgress="0" pending="0" />
  </ResultSummary>
  <TestDefinitions>
    <UnitTest name="StringValidation_ExpectedBehavior" storage="c:\users\maorh\onedrive\מסמכים\visual studio 2010\projects\maor hevron trendemon\testvalidation.unittests\bin\debug\testvalidation.unittests.dll" id="abc6733f-dcc4-c2f7-64b7-37a05f30d14c">
      <Execution id="c04fe136-b08e-46fb-84df-0ab074ff1825" />
      <TestMethod codeBase="C:/Users/maorh/OneDrive/מסמכים/Visual Studio 2010/Projects/Maor Hevron trendemon/TestValidation.UnitTests/bin/Debug/TestValidation.UnitTests.DLL" adapterTypeName="Microsoft.VisualStudio.TestTools.TestTypes.Unit.UnitTestAdapter, Microsoft.VisualStudio.QualityTools.Tips.UnitTest.Adapter, Version=10.0.0.0, Culture=neutral, PublicKeyToken=b03f5f7f11d50a3a" className="TestValidation.UnitTests.ValidationTest, TestValidation.UnitTests, Version=1.0.0.0, Culture=neutral, PublicKeyToken=null" name="StringValidation_ExpectedBehavior" />
    </UnitTest>
  </TestDefinitions>
  <TestLists>
    <TestList name="Results Not in a List" id="8c84fa94-04c1-424b-9868-57a2d4851a1d" />
    <TestList name="All Loaded Results" id="19431567-8539-422a-85d7-44ee4e166bda" />
  </TestLists>
  <TestEntries>
    <TestEntry testId="abc6733f-dcc4-c2f7-64b7-37a05f30d14c" executionId="c04fe136-b08e-46fb-84df-0ab074ff1825" testListId="8c84fa94-04c1-424b-9868-57a2d4851a1d" />
  </TestEntries>
  <Results>
    <UnitTestResult executionId="c04fe136-b08e-46fb-84df-0ab074ff1825" testId="abc6733f-dcc4-c2f7-64b7-37a05f30d14c" testName="StringValidation_ExpectedBehavior" computerName="DESKTOP-01DECST" duration="00:00:00.0119078" startTime="2018-07-09T17:26:25.6838452+03:00" endTime="2018-07-09T17:26:25.9035728+03:00" testType="13cdc9d9-ddb5-4fa4-a97d-d965ccfc6d4b" outcome="Passed" testListId="8c84fa94-04c1-424b-9868-57a2d4851a1d" relativeResultsDirectory="c04fe136-b08e-46fb-84df-0ab074ff1825">
    </UnitTestResult>
  </Results>
</TestRun>